2025-10-12 11:05:00,789 - system_coordinator_comm - INFO - {"agent": "system_coordinator_comm", "message_type": "health_check", "event": "Message handler registered", "logger": "system_coordinator_comm", "level": "info", "timestamp": "2025-10-12T05:35:00.789063Z"}
2025-10-12 11:05:00,793 - system_coordinator_comm - INFO - {"agent": "system_coordinator_comm", "message_type": "data_request", "event": "Message handler registered", "logger": "system_coordinator_comm", "level": "info", "timestamp": "2025-10-12T05:35:00.793249Z"}
2025-10-12 11:05:00,795 - system_coordinator_comm - INFO - {"agent": "system_coordinator_comm", "message_type": "status_update", "event": "Message handler registered", "logger": "system_coordinator_comm", "level": "info", "timestamp": "2025-10-12T05:35:00.795482Z"}
2025-10-12 11:05:00,802 - system_coordinator_delivery - INFO - {"agent": "system_coordinator_delivery", "event": "Message delivery service started", "logger": "system_coordinator_delivery", "level": "info", "timestamp": "2025-10-12T05:35:00.802239Z"}
2025-10-12 11:05:00,806 - system_coordinator_comm - INFO - {"agent": "system_coordinator_comm", "event": "Communication manager started", "logger": "system_coordinator_comm", "level": "info", "timestamp": "2025-10-12T05:35:00.806161Z"}
2025-10-12 11:05:00,808 - communication_demo - INFO - {"agent": "communication_demo", "event": "Demo agent system_coordinator started", "logger": "communication_demo", "level": "info", "timestamp": "2025-10-12T05:35:00.808510Z"}
2025-10-12 11:05:00,811 - system_coordinator_delivery - INFO - {"agent": "system_coordinator_delivery", "message_id": "4f2e62cd-a398-432d-a187-a35a9c612892", "recipient": "patient_consent_agent", "priority": "NORMAL", "ordered_group": null, "event": "Message queued for delivery", "logger": "system_coordinator_delivery", "level": "info", "timestamp": "2025-10-12T05:35:00.811573Z"}
2025-10-12 11:05:00,815 - system_coordinator_comm - INFO - {"agent": "system_coordinator_comm", "message_id": "4f2e62cd-a398-432d-a187-a35a9c612892", "recipient": "patient_consent_agent", "message_type": "status_update", "priority": "NORMAL", "event": "Message sent", "logger": "system_coordinator_comm", "level": "info", "timestamp": "2025-10-12T05:35:00.815419Z"}
2025-10-12 11:05:00,818 - system_coordinator_delivery - INFO - {"agent": "system_coordinator_delivery", "message_id": "01def71b-64e2-4899-b4e7-b0f25bf309bf", "recipient": "data_custodian_agent", "priority": "NORMAL", "ordered_group": null, "event": "Message queued for delivery", "logger": "system_coordinator_delivery", "level": "info", "timestamp": "2025-10-12T05:35:00.817914Z"}
2025-10-12 11:05:00,820 - system_coordinator_comm - INFO - {"agent": "system_coordinator_comm", "message_id": "01def71b-64e2-4899-b4e7-b0f25bf309bf", "recipient": "data_custodian_agent", "message_type": "status_update", "priority": "NORMAL", "event": "Message sent", "logger": "system_coordinator_comm", "level": "info", "timestamp": "2025-10-12T05:35:00.820348Z"}
2025-10-12 11:05:00,822 - system_coordinator_delivery - INFO - {"agent": "system_coordinator_delivery", "message_id": "63a95b55-ac4e-4541-bcd9-020eea3791c9", "recipient": "privacy_agent", "priority": "NORMAL", "ordered_group": null, "event": "Message queued for delivery", "logger": "system_coordinator_delivery", "level": "info", "timestamp": "2025-10-12T05:35:00.822483Z"}
2025-10-12 11:05:00,826 - system_coordinator_comm - INFO - {"agent": "system_coordinator_comm", "message_id": "63a95b55-ac4e-4541-bcd9-020eea3791c9", "recipient": "privacy_agent", "message_type": "status_update", "priority": "NORMAL", "event": "Message sent", "logger": "system_coordinator_comm", "level": "info", "timestamp": "2025-10-12T05:35:00.826019Z"}
2025-10-12 11:05:00,828 - system_coordinator_delivery - INFO - {"agent": "system_coordinator_delivery", "message_id": "337dd651-010c-4167-9a35-10fef680e05c", "recipient": "research_query_agent", "priority": "NORMAL", "ordered_group": null, "event": "Message queued for delivery", "logger": "system_coordinator_delivery", "level": "info", "timestamp": "2025-10-12T05:35:00.828751Z"}
2025-10-12 11:05:00,830 - system_coordinator_comm - INFO - {"agent": "system_coordinator_comm", "message_id": "337dd651-010c-4167-9a35-10fef680e05c", "recipient": "research_query_agent", "message_type": "status_update", "priority": "NORMAL", "event": "Message sent", "logger": "system_coordinator_comm", "level": "info", "timestamp": "2025-10-12T05:35:00.830695Z"}
2025-10-12 11:05:00,832 - system_coordinator_delivery - INFO - {"agent": "system_coordinator_delivery", "message_id": "e849d9ff-5b72-4720-b204-021b6171d3ee", "recipient": "metta_integration_agent", "priority": "NORMAL", "ordered_group": null, "event": "Message queued for delivery", "logger": "system_coordinator_delivery", "level": "info", "timestamp": "2025-10-12T05:35:00.832641Z"}
2025-10-12 11:05:00,834 - system_coordinator_comm - INFO - {"agent": "system_coordinator_comm", "message_id": "e849d9ff-5b72-4720-b204-021b6171d3ee", "recipient": "metta_integration_agent", "message_type": "status_update", "priority": "NORMAL", "event": "Message sent", "logger": "system_coordinator_comm", "level": "info", "timestamp": "2025-10-12T05:35:00.834530Z"}
2025-10-12 11:05:00,836 - system_coordinator_comm - INFO - {"agent": "system_coordinator_comm", "message_type": "status_update", "recipients_count": 5, "successful_sends": 5, "event": "Broadcast completed", "logger": "system_coordinator_comm", "level": "info", "timestamp": "2025-10-12T05:35:00.836237Z"}
2025-10-12 11:05:00,840 - system_coordinator_delivery - INFO - {"agent": "system_coordinator_delivery", "event": "Message delivery service stopped", "logger": "system_coordinator_delivery", "level": "info", "timestamp": "2025-10-12T05:35:00.839958Z"}
2025-10-12 11:05:00,842 - system_coordinator_comm - INFO - {"agent": "system_coordinator_comm", "event": "Communication manager stopped", "logger": "system_coordinator_comm", "level": "info", "timestamp": "2025-10-12T05:35:00.842156Z"}
2025-10-12 11:05:00,844 - communication_demo - INFO - {"agent": "communication_demo", "event": "Demo agent system_coordinator stopped", "logger": "communication_demo", "level": "info", "timestamp": "2025-10-12T05:35:00.844679Z"}
2025-10-12 11:05:01,362 - dlq_test_agent_comm - INFO - {"agent": "dlq_test_agent_comm", "message_type": "health_check", "event": "Message handler registered", "logger": "dlq_test_agent_comm", "level": "info", "timestamp": "2025-10-12T05:35:01.362464Z"}
2025-10-12 11:05:01,366 - dlq_test_agent_comm - INFO - {"agent": "dlq_test_agent_comm", "message_type": "data_request", "event": "Message handler registered", "logger": "dlq_test_agent_comm", "level": "info", "timestamp": "2025-10-12T05:35:01.365939Z"}
2025-10-12 11:05:01,370 - dlq_test_agent_comm - INFO - {"agent": "dlq_test_agent_comm", "message_type": "status_update", "event": "Message handler registered", "logger": "dlq_test_agent_comm", "level": "info", "timestamp": "2025-10-12T05:35:01.370228Z"}
2025-10-12 11:05:01,377 - dlq_test_agent_delivery - INFO - {"agent": "dlq_test_agent_delivery", "event": "Message delivery service started", "logger": "dlq_test_agent_delivery", "level": "info", "timestamp": "2025-10-12T05:35:01.377710Z"}
2025-10-12 11:05:01,381 - dlq_test_agent_comm - INFO - {"agent": "dlq_test_agent_comm", "event": "Communication manager started", "logger": "dlq_test_agent_comm", "level": "info", "timestamp": "2025-10-12T05:35:01.381103Z"}
2025-10-12 11:05:01,386 - communication_demo - INFO - {"agent": "communication_demo", "event": "Demo agent dlq_test_agent started", "logger": "communication_demo", "level": "info", "timestamp": "2025-10-12T05:35:01.386289Z"}
2025-10-12 11:05:01,389 - dead_letter_queue - WARNING - {"agent": "dead_letter_queue", "message_id": "b54d9a00-f28c-49f3-bd99-c81b65eacc6e", "failure_reason": "Agent not found", "retry_count": 3, "event": "Message added to dead letter queue", "logger": "dead_letter_queue", "level": "warning", "timestamp": "2025-10-12T05:35:01.389756Z"}
2025-10-12 11:05:01,396 - dlq_test_agent_delivery - INFO - {"agent": "dlq_test_agent_delivery", "message_id": "b54d9a00-f28c-49f3-bd99-c81b65eacc6e", "event": "Message requeued from dead letter queue", "logger": "dlq_test_agent_delivery", "level": "info", "timestamp": "2025-10-12T05:35:01.395895Z"}
2025-10-12 11:05:01,403 - dlq_test_agent_delivery - INFO - {"agent": "dlq_test_agent_delivery", "event": "Message delivery service stopped", "logger": "dlq_test_agent_delivery", "level": "info", "timestamp": "2025-10-12T05:35:01.403021Z"}
2025-10-12 11:05:01,406 - dlq_test_agent_comm - INFO - {"agent": "dlq_test_agent_comm", "event": "Communication manager stopped", "logger": "dlq_test_agent_comm", "level": "info", "timestamp": "2025-10-12T05:35:01.406211Z"}
2025-10-12 11:05:01,411 - communication_demo - INFO - {"agent": "communication_demo", "event": "Demo agent dlq_test_agent stopped", "logger": "communication_demo", "level": "info", "timestamp": "2025-10-12T05:35:01.410951Z"}
2025-10-12 11:05:01,935 - monitoring_agent_comm - INFO - {"agent": "monitoring_agent_comm", "message_type": "health_check", "event": "Message handler registered", "logger": "monitoring_agent_comm", "level": "info", "timestamp": "2025-10-12T05:35:01.935238Z"}
2025-10-12 11:05:01,940 - monitoring_agent_comm - INFO - {"agent": "monitoring_agent_comm", "message_type": "data_request", "event": "Message handler registered", "logger": "monitoring_agent_comm", "level": "info", "timestamp": "2025-10-12T05:35:01.940027Z"}
2025-10-12 11:05:01,943 - monitoring_agent_comm - INFO - {"agent": "monitoring_agent_comm", "message_type": "status_update", "event": "Message handler registered", "logger": "monitoring_agent_comm", "level": "info", "timestamp": "2025-10-12T05:35:01.943635Z"}
2025-10-12 11:05:01,951 - monitoring_agent_delivery - INFO - {"agent": "monitoring_agent_delivery", "event": "Message delivery service started", "logger": "monitoring_agent_delivery", "level": "info", "timestamp": "2025-10-12T05:35:01.950919Z"}
2025-10-12 11:05:01,954 - monitoring_agent_comm - INFO - {"agent": "monitoring_agent_comm", "event": "Communication manager started", "logger": "monitoring_agent_comm", "level": "info", "timestamp": "2025-10-12T05:35:01.954483Z"}
2025-10-12 11:05:01,957 - communication_demo - INFO - {"agent": "communication_demo", "event": "Demo agent monitoring_agent started", "logger": "communication_demo", "level": "info", "timestamp": "2025-10-12T05:35:01.957390Z"}
2025-10-12 11:05:01,961 - monitoring_agent_delivery - INFO - {"agent": "monitoring_agent_delivery", "message_id": "0e76ec27-60a6-4c0b-ad0a-bc52d0d95308", "recipient": "agent1", "priority": "NORMAL", "ordered_group": null, "event": "Message queued for delivery", "logger": "monitoring_agent_delivery", "level": "info", "timestamp": "2025-10-12T05:35:01.961339Z"}
2025-10-12 11:05:01,967 - monitoring_agent_comm - INFO - {"agent": "monitoring_agent_comm", "message_id": "0e76ec27-60a6-4c0b-ad0a-bc52d0d95308", "recipient": "agent1", "message_type": "health_check", "priority": "NORMAL", "event": "Message sent", "logger": "monitoring_agent_comm", "level": "info", "timestamp": "2025-10-12T05:35:01.967018Z"}
2025-10-12 11:05:01,973 - monitoring_agent_delivery - INFO - {"agent": "monitoring_agent_delivery", "message_id": "7c2edb87-35ea-4028-ac55-56463c0d4f0c", "recipient": "agent2", "priority": "NORMAL", "ordered_group": null, "event": "Message queued for delivery", "logger": "monitoring_agent_delivery", "level": "info", "timestamp": "2025-10-12T05:35:01.972895Z"}
2025-10-12 11:05:01,977 - monitoring_agent_comm - INFO - {"agent": "monitoring_agent_comm", "message_id": "7c2edb87-35ea-4028-ac55-56463c0d4f0c", "recipient": "agent2", "message_type": "health_check", "priority": "NORMAL", "event": "Message sent", "logger": "monitoring_agent_comm", "level": "info", "timestamp": "2025-10-12T05:35:01.977557Z"}
2025-10-12 11:05:01,982 - monitoring_agent_delivery - INFO - {"agent": "monitoring_agent_delivery", "message_id": "e4d26589-02fa-4613-a71c-a2337c91948c", "recipient": "agent3", "priority": "NORMAL", "ordered_group": null, "event": "Message queued for delivery", "logger": "monitoring_agent_delivery", "level": "info", "timestamp": "2025-10-12T05:35:01.982014Z"}
2025-10-12 11:05:01,988 - monitoring_agent_comm - INFO - {"agent": "monitoring_agent_comm", "message_id": "e4d26589-02fa-4613-a71c-a2337c91948c", "recipient": "agent3", "message_type": "health_check", "priority": "NORMAL", "event": "Message sent", "logger": "monitoring_agent_comm", "level": "info", "timestamp": "2025-10-12T05:35:01.988260Z"}
2025-10-12 11:05:02,005 - monitoring_agent_delivery - INFO - {"agent": "monitoring_agent_delivery", "message_id": "0e76ec27-60a6-4c0b-ad0a-bc52d0d95308", "attempt": 1, "requires_ack": true, "event": "Message delivery attempted", "logger": "monitoring_agent_delivery", "level": "info", "timestamp": "2025-10-12T05:35:02.005551Z"}
2025-10-12 11:05:02,021 - monitoring_agent_delivery - INFO - {"agent": "monitoring_agent_delivery", "message_id": "7c2edb87-35ea-4028-ac55-56463c0d4f0c", "attempt": 1, "requires_ack": true, "event": "Message delivery attempted", "logger": "monitoring_agent_delivery", "level": "info", "timestamp": "2025-10-12T05:35:02.021220Z"}
2025-10-12 11:05:02,036 - monitoring_agent_delivery - INFO - {"agent": "monitoring_agent_delivery", "message_id": "e4d26589-02fa-4613-a71c-a2337c91948c", "attempt": 1, "requires_ack": true, "event": "Message delivery attempted", "logger": "monitoring_agent_delivery", "level": "info", "timestamp": "2025-10-12T05:35:02.036256Z"}
2025-10-12 11:05:02,100 - monitoring_agent_delivery - INFO - {"agent": "monitoring_agent_delivery", "event": "Message delivery service stopped", "logger": "monitoring_agent_delivery", "level": "info", "timestamp": "2025-10-12T05:35:02.100100Z"}
2025-10-12 11:05:02,102 - monitoring_agent_comm - INFO - {"agent": "monitoring_agent_comm", "event": "Communication manager stopped", "logger": "monitoring_agent_comm", "level": "info", "timestamp": "2025-10-12T05:35:02.102415Z"}
2025-10-12 11:05:02,106 - communication_demo - INFO - {"agent": "communication_demo", "event": "Demo agent monitoring_agent stopped", "logger": "communication_demo", "level": "info", "timestamp": "2025-10-12T05:35:02.106242Z"}
